000 (2546042.053.000) 08/24 11:53:28 Job submitted from host: <172.20.12.20:45110>
...
001 (2546042.053.000) 08/24 11:55:01 Job executing on host: <172.20.15.227:48687?noUDP>
...
006 (2546042.053.000) 08/24 11:55:01 Image size of job updated: 1
	0  -  MemoryUsage of job (MB)
	0  -  ResidentSetSize of job (KB)
...
005 (2546042.053.000) 08/24 11:55:01 Job terminated.
	(1) Normal termination (return value 1)
		Usr 0 00:00:00, Sys 0 00:00:00  -  Run Remote Usage
		Usr 0 00:00:00, Sys 0 00:00:00  -  Run Local Usage
		Usr 0 00:00:00, Sys 0 00:00:00  -  Total Remote Usage
		Usr 0 00:00:00, Sys 0 00:00:00  -  Total Local Usage
	0  -  Run Bytes Sent By Job
	0  -  Run Bytes Received By Job
	0  -  Total Bytes Sent By Job
	0  -  Total Bytes Received By Job
	Partitionable Resources :    Usage  Request Allocated
	   Cpus                 :                 1         1
	   Disk (KB)            :        1        1   1289119
	   Memory (MB)          :        0        1         1
	   Multinode            :                           1
...
